<?xml version="1.0" encoding="UTF-8"?>
<testng-results ignored="0" total="1" passed="1" failed="0" skipped="0">
  <reporter-output>
  </reporter-output>
  <suite started-at="2019-08-07T16:40:23Z" name="Default suite" finished-at="2019-08-07T16:40:23Z" duration-ms="173">
    <groups>
    </groups>
    <test started-at="2019-08-07T16:40:23Z" name="Default test" finished-at="2019-08-07T16:40:23Z" duration-ms="173">
      <class name="revision.collectiontopics.pmptravels">
        <test-method signature="test2darray()[pri:0, instance:revision.collectiontopics.pmptravels@7d8704ef]" started-at="2019-08-07T16:40:23Z" name="test2darray" finished-at="2019-08-07T16:40:23Z" duration-ms="36" status="PASS">
          <reporter-output>
          </reporter-output>
        </test-method> <!-- test2darray -->
      </class> <!-- revision.collectiontopics.pmptravels -->
    </test> <!-- Default test -->
  </suite> <!-- Default suite -->
</testng-results>
