<?xml version="1.0" encoding="UTF-8"?>
<!-- Generated by org.testng.reporters.JUnitXMLReporter -->
<testsuite ignored="0" hostname="KVM469-" failures="0" tests="17" name="Test" time="193.618" errors="0" timestamp="31 May 2019 15:14:11 GMT">
  <testcase classname="NaveenPOM.testcases.testcasedeploymentpartone" name="Login" time="7.967"/>
  <testcase classname="NaveenPOM.testcases.testcasedeploymenttwo" name="Login" time="19.202"/>
  <testcase classname="NaveenPOM.testcases.testcasedeploymentpartone" name="adduser" time="31.865"/>
  <testcase classname="NaveenPOM.testcases.testcasedeploymenttwo" name="accounttestcase" time="7.137"/>
  <testcase classname="NaveenPOM.testcases.testcasedeploymentpartone" name="addCase" time="21.416"/>
  <testcase classname="NaveenPOM.testcases.testcasedeploymenttwo" name="invoicetestcase" time="6.637"/>
  <testcase classname="NaveenPOM.testcases.testcasedeploymenttwo" name="exporttestcase" time="1.691"/>
  <testcase classname="NaveenPOM.testcases.testcasedeploymenttwo" name="appearancetestcase" time="4.938"/>
  <testcase classname="NaveenPOM.testcases.testcasedeploymenttwo" name="maildropboxtest" time="1.367"/>
  <testcase classname="NaveenPOM.testcases.testcasedeploymenttwo" name="userstest" time="9.724"/>
  <testcase classname="NaveenPOM.testcases.testcasedeploymenttwo" name="opportunitiestest" time="13.229"/>
  <testcase classname="NaveenPOM.testcases.testcasedeploymenttwo" name="trackstestcase" time="6.332"/>
  <testcase classname="NaveenPOM.testcases.testcasedeploymenttwo" name="taskcategorytestcase" time="8.874"/>
  <testcase classname="NaveenPOM.testcases.testcasedeploymenttwo" name="customfieldstestcase" time="1.832"/>
  <testcase classname="NaveenPOM.testcases.testcasedeploymenttwo" name="tagstestcase" time="11.683"/>
  <testcase classname="NaveenPOM.testcases.testcasedeploymenttwo" name="integrationstestcase" time="2.131"/>
  <testcase classname="NaveenPOM.testcases.testcasedeploymenttwo" name="trashtestcase" time="0.078"/>
</testsuite> <!-- Test -->
